0 info it worked if it ends with ok
1 verbose cli [ '/Users/alfonsosn2/.nvm/versions/node/v0.12.5/bin/node',
1 verbose cli   '/Users/alfonsosn2/.nvm/versions/node/v0.12.5/bin/npm',
1 verbose cli   'install' ]
2 info using npm@2.11.2
3 info using node@v0.12.5
4 verbose readDependencies loading dependencies from /Users/alfonsosn2/Desktop/nodemono_repo/package.json
5 warn package.json FullstackGeneratedApp@1.0.0 No repository field.
6 warn package.json FullstackGeneratedApp@1.0.0 No license field.
7 verbose install where, deps [ '/Users/alfonsosn2/Desktop/nodemono_repo',
7 verbose install   [ 'angular',
7 verbose install     'angular-bootstrap',
7 verbose install     'angular-mocks',
7 verbose install     'angular-ui-router',
7 verbose install     'babel',
7 verbose install     'bluebird',
7 verbose install     'body-parser',
7 verbose install     'bootstrap',
7 verbose install     'chai',
7 verbose install     'chalk',
7 verbose install     'connect-mongo',
7 verbose install     'cookie-parser',
7 verbose install     'express',
7 verbose install     'express-session',
7 verbose install     'gulp',
7 verbose install     'gulp-babel',
7 verbose install     'gulp-concat',
7 verbose install     'gulp-eslint',
7 verbose install     'gulp-istanbul',
7 verbose install     'gulp-livereload',
7 verbose install     'gulp-minify-css',
7 verbose install     'gulp-mocha',
7 verbose install     'gulp-ng-annotate',
7 verbose install     'gulp-plumber',
7 verbose install     'gulp-rename',
7 verbose install     'gulp-sass',
7 verbose install     'gulp-sourcemaps',
7 verbose install     'gulp-uglify',
7 verbose install     'karma',
7 verbose install     'karma-chai',
7 verbose install     'karma-coverage',
7 verbose install     'karma-mocha',
7 verbose install     'karma-mocha-reporter',
7 verbose install     'karma-phantomjs-launcher',
7 verbose install     'lodash',
7 verbose install     'mocha-mongoose',
7 verbose install     'mongodb',
7 verbose install     'mongoose',
7 verbose install     'nodemon',
7 verbose install     'passport',
7 verbose install     'passport-facebook',
7 verbose install     'passport-google-oauth',
7 verbose install     'passport-local',
7 verbose install     'passport-twitter',
7 verbose install     'run-sequence',
7 verbose install     'serve-favicon',
7 verbose install     'sinon',
7 verbose install     'socket.io',
7 verbose install     'socket.io-client',
7 verbose install     'supertest' ] ]
8 verbose install where, peers [ '/Users/alfonsosn2/Desktop/nodemono_repo', [] ]
9 verbose installManyTop reading for lifecycle /Users/alfonsosn2/Desktop/nodemono_repo/package.json
10 info preinstall FullstackGeneratedApp@1.0.0
11 verbose installManyTop reading scoped package data from /Users/alfonsosn2/Desktop/nodemono_repo/node_modules/angular/package.json
12 verbose installManyTop reading scoped package data from /Users/alfonsosn2/Desktop/nodemono_repo/node_modules/angular-bootstrap/package.json
13 verbose installManyTop reading scoped package data from /Users/alfonsosn2/Desktop/nodemono_repo/node_modules/angular-mocks/package.json
14 verbose installManyTop reading scoped package data from /Users/alfonsosn2/Desktop/nodemono_repo/node_modules/angular-ui-router/package.json
15 verbose installManyTop reading scoped package data from /Users/alfonsosn2/Desktop/nodemono_repo/node_modules/babel/package.json
16 verbose installManyTop reading scoped package data from /Users/alfonsosn2/Desktop/nodemono_repo/node_modules/bluebird/package.json
17 verbose installManyTop reading scoped package data from /Users/alfonsosn2/Desktop/nodemono_repo/node_modules/body-parser/package.json
18 verbose installManyTop reading scoped package data from /Users/alfonsosn2/Desktop/nodemono_repo/node_modules/bootstrap/package.json
19 verbose installManyTop reading scoped package data from /Users/alfonsosn2/Desktop/nodemono_repo/node_modules/chai/package.json
20 verbose installManyTop reading scoped package data from /Users/alfonsosn2/Desktop/nodemono_repo/node_modules/chalk/package.json
21 verbose installManyTop reading scoped package data from /Users/alfonsosn2/Desktop/nodemono_repo/node_modules/connect-mongo/package.json
22 verbose installManyTop reading scoped package data from /Users/alfonsosn2/Desktop/nodemono_repo/node_modules/cookie-parser/package.json
23 verbose installManyTop reading scoped package data from /Users/alfonsosn2/Desktop/nodemono_repo/node_modules/express/package.json
24 verbose installManyTop reading scoped package data from /Users/alfonsosn2/Desktop/nodemono_repo/node_modules/express-session/package.json
25 verbose installManyTop reading scoped package data from /Users/alfonsosn2/Desktop/nodemono_repo/node_modules/gulp/package.json
26 verbose installManyTop reading scoped package data from /Users/alfonsosn2/Desktop/nodemono_repo/node_modules/gulp-babel/package.json
27 verbose installManyTop reading scoped package data from /Users/alfonsosn2/Desktop/nodemono_repo/node_modules/gulp-concat/package.json
28 verbose installManyTop reading scoped package data from /Users/alfonsosn2/Desktop/nodemono_repo/node_modules/gulp-eslint/package.json
29 verbose installManyTop reading scoped package data from /Users/alfonsosn2/Desktop/nodemono_repo/node_modules/gulp-istanbul/package.json
30 verbose installManyTop reading scoped package data from /Users/alfonsosn2/Desktop/nodemono_repo/node_modules/gulp-livereload/package.json
31 verbose installManyTop reading scoped package data from /Users/alfonsosn2/Desktop/nodemono_repo/node_modules/gulp-minify-css/package.json
32 verbose installManyTop reading scoped package data from /Users/alfonsosn2/Desktop/nodemono_repo/node_modules/gulp-mocha/package.json
33 verbose installManyTop reading scoped package data from /Users/alfonsosn2/Desktop/nodemono_repo/node_modules/gulp-ng-annotate/package.json
34 verbose installManyTop reading scoped package data from /Users/alfonsosn2/Desktop/nodemono_repo/node_modules/gulp-plumber/package.json
35 verbose installManyTop reading scoped package data from /Users/alfonsosn2/Desktop/nodemono_repo/node_modules/gulp-rename/package.json
36 verbose installManyTop reading scoped package data from /Users/alfonsosn2/Desktop/nodemono_repo/node_modules/gulp-sass/package.json
37 verbose installManyTop reading scoped package data from /Users/alfonsosn2/Desktop/nodemono_repo/node_modules/gulp-sourcemaps/package.json
38 verbose installManyTop reading scoped package data from /Users/alfonsosn2/Desktop/nodemono_repo/node_modules/gulp-uglify/package.json
39 verbose installManyTop reading scoped package data from /Users/alfonsosn2/Desktop/nodemono_repo/node_modules/karma/package.json
40 verbose installManyTop reading scoped package data from /Users/alfonsosn2/Desktop/nodemono_repo/node_modules/karma-chai/package.json
41 verbose installManyTop reading scoped package data from /Users/alfonsosn2/Desktop/nodemono_repo/node_modules/karma-coverage/package.json
42 verbose installManyTop reading scoped package data from /Users/alfonsosn2/Desktop/nodemono_repo/node_modules/karma-mocha/package.json
43 verbose installManyTop reading scoped package data from /Users/alfonsosn2/Desktop/nodemono_repo/node_modules/karma-mocha-reporter/package.json
44 verbose installManyTop reading scoped package data from /Users/alfonsosn2/Desktop/nodemono_repo/node_modules/karma-phantomjs-launcher/package.json
45 verbose installManyTop reading scoped package data from /Users/alfonsosn2/Desktop/nodemono_repo/node_modules/lodash/package.json
46 verbose installManyTop reading scoped package data from /Users/alfonsosn2/Desktop/nodemono_repo/node_modules/mocha/package.json
47 verbose installManyTop reading scoped package data from /Users/alfonsosn2/Desktop/nodemono_repo/node_modules/mocha-mongoose/package.json
48 verbose installManyTop reading scoped package data from /Users/alfonsosn2/Desktop/nodemono_repo/node_modules/mongodb/package.json
49 verbose installManyTop reading scoped package data from /Users/alfonsosn2/Desktop/nodemono_repo/node_modules/mongoose/package.json
50 verbose installManyTop reading scoped package data from /Users/alfonsosn2/Desktop/nodemono_repo/node_modules/nodemon/package.json
51 verbose installManyTop reading scoped package data from /Users/alfonsosn2/Desktop/nodemono_repo/node_modules/passport/package.json
52 verbose installManyTop reading scoped package data from /Users/alfonsosn2/Desktop/nodemono_repo/node_modules/passport-facebook/package.json
53 verbose installManyTop reading scoped package data from /Users/alfonsosn2/Desktop/nodemono_repo/node_modules/passport-google-oauth/package.json
54 verbose installManyTop reading scoped package data from /Users/alfonsosn2/Desktop/nodemono_repo/node_modules/passport-local/package.json
55 verbose installManyTop reading scoped package data from /Users/alfonsosn2/Desktop/nodemono_repo/node_modules/passport-twitter/package.json
56 verbose installManyTop reading scoped package data from /Users/alfonsosn2/Desktop/nodemono_repo/node_modules/run-sequence/package.json
57 verbose installManyTop reading scoped package data from /Users/alfonsosn2/Desktop/nodemono_repo/node_modules/serve-favicon/package.json
58 verbose installManyTop reading scoped package data from /Users/alfonsosn2/Desktop/nodemono_repo/node_modules/sinon/package.json
59 verbose installManyTop reading scoped package data from /Users/alfonsosn2/Desktop/nodemono_repo/node_modules/socket.io/package.json
60 verbose installManyTop reading scoped package data from /Users/alfonsosn2/Desktop/nodemono_repo/node_modules/socket.io-client/package.json
61 verbose installManyTop reading scoped package data from /Users/alfonsosn2/Desktop/nodemono_repo/node_modules/supertest/package.json
62 info package.json angular-ui-router@0.2.15 No license field.
63 info package.json connect-mongo@0.7.0 No license field.
64 info package.json gulp-minify-css@0.4.6 No license field.
65 info package.json gulp-istanbul@0.9.0 No license field.
66 info package.json gulp-eslint@0.14.0 No license field.
67 info package.json gulp-ng-annotate@0.5.3 license should be a valid SPDX license expression
68 info package.json gulp-plumber@0.6.6 No license field.
69 info package.json gulp-rename@1.2.2 No license field.
70 info package.json mongodb@1.4.39 No license field.
71 info package.json passport-local@1.0.0 No license field.
72 info package.json passport-twitter@1.0.3 No license field.
73 info package.json passport-facebook@1.0.3 No license field.
74 info package.json passport-google-oauth@0.1.5 No license field.
75 info package.json socket.io@1.3.6 No license field.
76 verbose readDependencies loading dependencies from /Users/alfonsosn2/Desktop/nodemono_repo/package.json
77 verbose targetResolver reading package data from /Users/alfonsosn2/Desktop/nodemono_repo/node_modules/angular/package.json
78 verbose targetResolver reading package data from /Users/alfonsosn2/Desktop/nodemono_repo/node_modules/angular-bootstrap/package.json
79 verbose targetResolver reading package data from /Users/alfonsosn2/Desktop/nodemono_repo/node_modules/angular-mocks/package.json
80 verbose targetResolver reading package data from /Users/alfonsosn2/Desktop/nodemono_repo/node_modules/angular-ui-router/package.json
81 verbose targetResolver reading package data from /Users/alfonsosn2/Desktop/nodemono_repo/node_modules/babel/package.json
82 verbose targetResolver reading package data from /Users/alfonsosn2/Desktop/nodemono_repo/node_modules/bluebird/package.json
83 verbose targetResolver reading package data from /Users/alfonsosn2/Desktop/nodemono_repo/node_modules/body-parser/package.json
84 verbose targetResolver reading package data from /Users/alfonsosn2/Desktop/nodemono_repo/node_modules/bootstrap/package.json
85 verbose targetResolver reading package data from /Users/alfonsosn2/Desktop/nodemono_repo/node_modules/chai/package.json
86 verbose targetResolver reading package data from /Users/alfonsosn2/Desktop/nodemono_repo/node_modules/chalk/package.json
87 verbose targetResolver reading package data from /Users/alfonsosn2/Desktop/nodemono_repo/node_modules/connect-mongo/package.json
88 verbose targetResolver reading package data from /Users/alfonsosn2/Desktop/nodemono_repo/node_modules/cookie-parser/package.json
89 verbose targetResolver reading package data from /Users/alfonsosn2/Desktop/nodemono_repo/node_modules/express/package.json
90 verbose targetResolver reading package data from /Users/alfonsosn2/Desktop/nodemono_repo/node_modules/express-session/package.json
91 verbose targetResolver reading package data from /Users/alfonsosn2/Desktop/nodemono_repo/node_modules/gulp/package.json
92 verbose targetResolver reading package data from /Users/alfonsosn2/Desktop/nodemono_repo/node_modules/gulp-babel/package.json
93 verbose targetResolver reading package data from /Users/alfonsosn2/Desktop/nodemono_repo/node_modules/gulp-concat/package.json
94 verbose targetResolver reading package data from /Users/alfonsosn2/Desktop/nodemono_repo/node_modules/gulp-eslint/package.json
95 verbose targetResolver reading package data from /Users/alfonsosn2/Desktop/nodemono_repo/node_modules/gulp-istanbul/package.json
96 verbose targetResolver reading package data from /Users/alfonsosn2/Desktop/nodemono_repo/node_modules/gulp-livereload/package.json
97 verbose targetResolver reading package data from /Users/alfonsosn2/Desktop/nodemono_repo/node_modules/gulp-minify-css/package.json
98 verbose targetResolver reading package data from /Users/alfonsosn2/Desktop/nodemono_repo/node_modules/gulp-mocha/package.json
99 verbose targetResolver reading package data from /Users/alfonsosn2/Desktop/nodemono_repo/node_modules/gulp-ng-annotate/package.json
100 verbose targetResolver reading package data from /Users/alfonsosn2/Desktop/nodemono_repo/node_modules/gulp-plumber/package.json
101 verbose targetResolver reading package data from /Users/alfonsosn2/Desktop/nodemono_repo/node_modules/gulp-rename/package.json
102 verbose targetResolver reading package data from /Users/alfonsosn2/Desktop/nodemono_repo/node_modules/gulp-sass/package.json
103 verbose targetResolver reading package data from /Users/alfonsosn2/Desktop/nodemono_repo/node_modules/gulp-sourcemaps/package.json
104 verbose targetResolver reading package data from /Users/alfonsosn2/Desktop/nodemono_repo/node_modules/gulp-uglify/package.json
105 verbose targetResolver reading package data from /Users/alfonsosn2/Desktop/nodemono_repo/node_modules/karma/package.json
106 verbose targetResolver reading package data from /Users/alfonsosn2/Desktop/nodemono_repo/node_modules/karma-chai/package.json
107 verbose targetResolver reading package data from /Users/alfonsosn2/Desktop/nodemono_repo/node_modules/karma-coverage/package.json
108 verbose targetResolver reading package data from /Users/alfonsosn2/Desktop/nodemono_repo/node_modules/karma-mocha/package.json
109 verbose targetResolver reading package data from /Users/alfonsosn2/Desktop/nodemono_repo/node_modules/karma-mocha-reporter/package.json
110 verbose targetResolver reading package data from /Users/alfonsosn2/Desktop/nodemono_repo/node_modules/karma-phantomjs-launcher/package.json
111 verbose targetResolver reading package data from /Users/alfonsosn2/Desktop/nodemono_repo/node_modules/lodash/package.json
112 verbose targetResolver reading package data from /Users/alfonsosn2/Desktop/nodemono_repo/node_modules/mocha/package.json
113 verbose targetResolver reading package data from /Users/alfonsosn2/Desktop/nodemono_repo/node_modules/mocha-mongoose/package.json
114 verbose targetResolver reading package data from /Users/alfonsosn2/Desktop/nodemono_repo/node_modules/mongodb/package.json
115 verbose targetResolver reading package data from /Users/alfonsosn2/Desktop/nodemono_repo/node_modules/mongoose/package.json
116 verbose targetResolver reading package data from /Users/alfonsosn2/Desktop/nodemono_repo/node_modules/nodemon/package.json
117 verbose targetResolver reading package data from /Users/alfonsosn2/Desktop/nodemono_repo/node_modules/passport/package.json
118 verbose targetResolver reading package data from /Users/alfonsosn2/Desktop/nodemono_repo/node_modules/passport-facebook/package.json
119 verbose targetResolver reading package data from /Users/alfonsosn2/Desktop/nodemono_repo/node_modules/passport-google-oauth/package.json
120 verbose targetResolver reading package data from /Users/alfonsosn2/Desktop/nodemono_repo/node_modules/passport-local/package.json
121 verbose targetResolver reading package data from /Users/alfonsosn2/Desktop/nodemono_repo/node_modules/passport-twitter/package.json
122 verbose targetResolver reading package data from /Users/alfonsosn2/Desktop/nodemono_repo/node_modules/run-sequence/package.json
123 verbose targetResolver reading package data from /Users/alfonsosn2/Desktop/nodemono_repo/node_modules/serve-favicon/package.json
124 verbose targetResolver reading package data from /Users/alfonsosn2/Desktop/nodemono_repo/node_modules/sinon/package.json
125 verbose targetResolver reading package data from /Users/alfonsosn2/Desktop/nodemono_repo/node_modules/socket.io/package.json
126 verbose targetResolver reading package data from /Users/alfonsosn2/Desktop/nodemono_repo/node_modules/socket.io-client/package.json
127 verbose targetResolver reading package data from /Users/alfonsosn2/Desktop/nodemono_repo/node_modules/supertest/package.json
128 verbose targetResolver reading package data from /Users/alfonsosn2/Desktop/nodemono_repo/node_modules/.bin/babel/package.json
129 verbose targetResolver reading package data from /Users/alfonsosn2/Desktop/nodemono_repo/node_modules/.bin/babel-external-helpers/package.json
130 verbose targetResolver reading package data from /Users/alfonsosn2/Desktop/nodemono_repo/node_modules/.bin/babel-node/package.json
131 verbose targetResolver reading package data from /Users/alfonsosn2/Desktop/nodemono_repo/node_modules/.bin/babel-plugin/package.json
132 verbose targetResolver reading package data from /Users/alfonsosn2/Desktop/nodemono_repo/node_modules/.bin/gulp/package.json
133 verbose targetResolver reading package data from /Users/alfonsosn2/Desktop/nodemono_repo/node_modules/.bin/karma/package.json
134 verbose targetResolver reading package data from /Users/alfonsosn2/Desktop/nodemono_repo/node_modules/.bin/mocha/package.json
135 verbose targetResolver reading package data from /Users/alfonsosn2/Desktop/nodemono_repo/node_modules/.bin/nodemon/package.json
136 verbose already installed skipping passport@^0.2.1 /Users/alfonsosn2/Desktop/nodemono_repo
137 verbose already installed skipping passport-facebook@^1.0.3 /Users/alfonsosn2/Desktop/nodemono_repo
138 verbose already installed skipping passport-google-oauth@^0.1.5 /Users/alfonsosn2/Desktop/nodemono_repo
139 verbose already installed skipping passport-local@^1.0.0 /Users/alfonsosn2/Desktop/nodemono_repo
140 verbose already installed skipping passport-twitter@^1.0.2 /Users/alfonsosn2/Desktop/nodemono_repo
141 verbose already installed skipping run-sequence@^1.0.2 /Users/alfonsosn2/Desktop/nodemono_repo
142 verbose already installed skipping serve-favicon@^2.2.0 /Users/alfonsosn2/Desktop/nodemono_repo
143 verbose already installed skipping sinon@^1.13.0 /Users/alfonsosn2/Desktop/nodemono_repo
144 verbose already installed skipping socket.io@^1.3.4 /Users/alfonsosn2/Desktop/nodemono_repo
145 verbose already installed skipping socket.io-client@^1.3.5 /Users/alfonsosn2/Desktop/nodemono_repo
146 verbose already installed skipping supertest@^0.15.0 /Users/alfonsosn2/Desktop/nodemono_repo
147 verbose already installed skipping angular@^1.4.0 /Users/alfonsosn2/Desktop/nodemono_repo
148 verbose already installed skipping angular-bootstrap@^0.12.0 /Users/alfonsosn2/Desktop/nodemono_repo
149 verbose already installed skipping angular-mocks@^1.4.0 /Users/alfonsosn2/Desktop/nodemono_repo
150 verbose already installed skipping angular-ui-router@^0.2.15 /Users/alfonsosn2/Desktop/nodemono_repo
151 verbose already installed skipping babel@^5.0.12 /Users/alfonsosn2/Desktop/nodemono_repo
152 verbose already installed skipping bluebird@^2.9.34 /Users/alfonsosn2/Desktop/nodemono_repo
153 verbose already installed skipping body-parser@^1.12.0 /Users/alfonsosn2/Desktop/nodemono_repo
154 verbose already installed skipping bootstrap@^3.3.4 /Users/alfonsosn2/Desktop/nodemono_repo
155 verbose already installed skipping chai@^2.1.0 /Users/alfonsosn2/Desktop/nodemono_repo
156 verbose already installed skipping chalk@^1.0.0 /Users/alfonsosn2/Desktop/nodemono_repo
157 verbose already installed skipping connect-mongo@^0.7.0 /Users/alfonsosn2/Desktop/nodemono_repo
158 verbose already installed skipping cookie-parser@^1.3.4 /Users/alfonsosn2/Desktop/nodemono_repo
159 verbose already installed skipping express@^4.12.0 /Users/alfonsosn2/Desktop/nodemono_repo
160 verbose already installed skipping express-session@^1.10.3 /Users/alfonsosn2/Desktop/nodemono_repo
161 verbose already installed skipping gulp@^3.8.11 /Users/alfonsosn2/Desktop/nodemono_repo
162 verbose already installed skipping gulp-babel@^5.1.0 /Users/alfonsosn2/Desktop/nodemono_repo
163 verbose already installed skipping gulp-concat@^2.5.2 /Users/alfonsosn2/Desktop/nodemono_repo
164 verbose already installed skipping gulp-eslint@^0.14.0 /Users/alfonsosn2/Desktop/nodemono_repo
165 verbose already installed skipping gulp-istanbul@^0.9.0 /Users/alfonsosn2/Desktop/nodemono_repo
166 verbose already installed skipping gulp-livereload@^3.7.0 /Users/alfonsosn2/Desktop/nodemono_repo
167 verbose already installed skipping gulp-minify-css@^0.4.6 /Users/alfonsosn2/Desktop/nodemono_repo
168 verbose already installed skipping gulp-mocha@^2.0.0 /Users/alfonsosn2/Desktop/nodemono_repo
169 verbose already installed skipping gulp-ng-annotate@^0.5.2 /Users/alfonsosn2/Desktop/nodemono_repo
170 verbose already installed skipping gulp-plumber@^0.6.6 /Users/alfonsosn2/Desktop/nodemono_repo
171 verbose already installed skipping gulp-rename@^1.2.0 /Users/alfonsosn2/Desktop/nodemono_repo
172 verbose already installed skipping gulp-sass@^1.3.3 /Users/alfonsosn2/Desktop/nodemono_repo
173 verbose already installed skipping gulp-sourcemaps@^1.3.0 /Users/alfonsosn2/Desktop/nodemono_repo
174 verbose already installed skipping gulp-uglify@^1.1.0 /Users/alfonsosn2/Desktop/nodemono_repo
175 verbose already installed skipping karma@^0.12.31 /Users/alfonsosn2/Desktop/nodemono_repo
176 verbose already installed skipping karma-chai@^0.1.0 /Users/alfonsosn2/Desktop/nodemono_repo
177 verbose already installed skipping karma-coverage@^0.2.7 /Users/alfonsosn2/Desktop/nodemono_repo
178 verbose already installed skipping karma-mocha@^0.1.10 /Users/alfonsosn2/Desktop/nodemono_repo
179 verbose already installed skipping karma-mocha-reporter@^1.0.2 /Users/alfonsosn2/Desktop/nodemono_repo
180 verbose already installed skipping karma-phantomjs-launcher@^0.1.4 /Users/alfonsosn2/Desktop/nodemono_repo
181 verbose already installed skipping lodash@^3.9.3 /Users/alfonsosn2/Desktop/nodemono_repo
182 verbose already installed skipping mocha-mongoose@^1.0.3 /Users/alfonsosn2/Desktop/nodemono_repo
183 verbose already installed skipping mongodb@^1.4.33 /Users/alfonsosn2/Desktop/nodemono_repo
184 verbose already installed skipping mongoose@^4.0.7 /Users/alfonsosn2/Desktop/nodemono_repo
185 verbose already installed skipping nodemon@^1.3.7 /Users/alfonsosn2/Desktop/nodemono_repo
186 silly install resolved []
187 info build /Users/alfonsosn2/Desktop/nodemono_repo
188 info linkStuff FullstackGeneratedApp@1.0.0
189 silly linkStuff FullstackGeneratedApp@1.0.0 has /Users/alfonsosn2/Desktop as its parent node_modules
190 verbose linkBins FullstackGeneratedApp@1.0.0
191 verbose linkMans FullstackGeneratedApp@1.0.0
192 verbose rebuildBundles FullstackGeneratedApp@1.0.0
193 verbose rebuildBundles [ '.bin',
193 verbose rebuildBundles   'angular',
193 verbose rebuildBundles   'angular-bootstrap',
193 verbose rebuildBundles   'angular-mocks',
193 verbose rebuildBundles   'angular-ui-router',
193 verbose rebuildBundles   'babel',
193 verbose rebuildBundles   'bluebird',
193 verbose rebuildBundles   'body-parser',
193 verbose rebuildBundles   'bootstrap',
193 verbose rebuildBundles   'chai',
193 verbose rebuildBundles   'chalk',
193 verbose rebuildBundles   'connect-mongo',
193 verbose rebuildBundles   'cookie-parser',
193 verbose rebuildBundles   'express',
193 verbose rebuildBundles   'express-session',
193 verbose rebuildBundles   'gulp',
193 verbose rebuildBundles   'gulp-babel',
193 verbose rebuildBundles   'gulp-concat',
193 verbose rebuildBundles   'gulp-eslint',
193 verbose rebuildBundles   'gulp-istanbul',
193 verbose rebuildBundles   'gulp-livereload',
193 verbose rebuildBundles   'gulp-minify-css',
193 verbose rebuildBundles   'gulp-mocha',
193 verbose rebuildBundles   'gulp-ng-annotate',
193 verbose rebuildBundles   'gulp-plumber',
193 verbose rebuildBundles   'gulp-rename',
193 verbose rebuildBundles   'gulp-sass',
193 verbose rebuildBundles   'gulp-sourcemaps',
193 verbose rebuildBundles   'gulp-uglify',
193 verbose rebuildBundles   'karma',
193 verbose rebuildBundles   'karma-chai',
193 verbose rebuildBundles   'karma-coverage',
193 verbose rebuildBundles   'karma-mocha',
193 verbose rebuildBundles   'karma-mocha-reporter',
193 verbose rebuildBundles   'karma-phantomjs-launcher',
193 verbose rebuildBundles   'lodash',
193 verbose rebuildBundles   'mocha',
193 verbose rebuildBundles   'mocha-mongoose',
193 verbose rebuildBundles   'mongodb',
193 verbose rebuildBundles   'mongoose',
193 verbose rebuildBundles   'nodemon',
193 verbose rebuildBundles   'passport',
193 verbose rebuildBundles   'passport-facebook',
193 verbose rebuildBundles   'passport-google-oauth',
193 verbose rebuildBundles   'passport-local',
193 verbose rebuildBundles   'passport-twitter',
193 verbose rebuildBundles   'run-sequence',
193 verbose rebuildBundles   'serve-favicon',
193 verbose rebuildBundles   'sinon',
193 verbose rebuildBundles   'socket.io',
193 verbose rebuildBundles   'socket.io-client',
193 verbose rebuildBundles   'supertest' ]
194 verbose rebuild bundle /Users/alfonsosn2/Desktop/nodemono_repo/node_modules/mocha
195 info build /Users/alfonsosn2/Desktop/nodemono_repo/node_modules/mocha
196 info preinstall mocha@2.2.5
197 info linkStuff mocha@2.2.5
198 silly linkStuff mocha@2.2.5 has /Users/alfonsosn2/Desktop/nodemono_repo/node_modules as its parent node_modules
199 verbose linkBins mocha@2.2.5
200 verbose link bins [ { mocha: './bin/mocha', _mocha: './bin/_mocha' },
200 verbose link bins   '/Users/alfonsosn2/Desktop/nodemono_repo/node_modules/.bin',
200 verbose link bins   false ]
201 verbose linkMans mocha@2.2.5
202 verbose rebuildBundles mocha@2.2.5
203 verbose rebuildBundles [ '.bin',
203 verbose rebuildBundles   'commander',
203 verbose rebuildBundles   'debug',
203 verbose rebuildBundles   'diff',
203 verbose rebuildBundles   'escape-string-regexp',
203 verbose rebuildBundles   'glob',
203 verbose rebuildBundles   'growl',
203 verbose rebuildBundles   'jade',
203 verbose rebuildBundles   'mkdirp',
203 verbose rebuildBundles   'supports-color' ]
204 silly gentlyRm /Users/alfonsosn2/Desktop/nodemono_repo/node_modules/.bin/mocha is being purged
205 verbose gentlyRm don't care about contents; nuking /Users/alfonsosn2/Desktop/nodemono_repo/node_modules/.bin/mocha
206 silly gentlyRm /Users/alfonsosn2/Desktop/nodemono_repo/node_modules/.bin/_mocha is being purged
207 verbose gentlyRm don't care about contents; nuking /Users/alfonsosn2/Desktop/nodemono_repo/node_modules/.bin/_mocha
208 silly vacuum-fs purging /Users/alfonsosn2/Desktop/nodemono_repo/node_modules/.bin/mocha
209 silly vacuum-fs purging /Users/alfonsosn2/Desktop/nodemono_repo/node_modules/.bin/_mocha
210 silly vacuum-fs quitting because other entries in /Users/alfonsosn2/Desktop/nodemono_repo/node_modules/.bin
211 silly vacuum-fs quitting because other entries in /Users/alfonsosn2/Desktop/nodemono_repo/node_modules/.bin
212 info install mocha@2.2.5
213 info postinstall mocha@2.2.5
214 info install FullstackGeneratedApp@1.0.0
215 info postinstall FullstackGeneratedApp@1.0.0
216 verbose unsafe-perm in lifecycle true
217 info FullstackGeneratedApp@1.0.0 Failed to exec postinstall script
218 verbose stack Error: FullstackGeneratedApp@1.0.0 postinstall: `gulp build`
218 verbose stack Exit status 1
218 verbose stack     at EventEmitter.<anonymous> (/Users/alfonsosn2/.nvm/versions/node/v0.12.5/lib/node_modules/npm/lib/utils/lifecycle.js:213:16)
218 verbose stack     at EventEmitter.emit (events.js:110:17)
218 verbose stack     at ChildProcess.<anonymous> (/Users/alfonsosn2/.nvm/versions/node/v0.12.5/lib/node_modules/npm/lib/utils/spawn.js:24:14)
218 verbose stack     at ChildProcess.emit (events.js:110:17)
218 verbose stack     at maybeClose (child_process.js:1015:16)
218 verbose stack     at Process.ChildProcess._handle.onexit (child_process.js:1087:5)
219 verbose pkgid FullstackGeneratedApp@1.0.0
220 verbose cwd /Users/alfonsosn2/Desktop/nodemono_repo
221 error Darwin 14.4.0
222 error argv "/Users/alfonsosn2/.nvm/versions/node/v0.12.5/bin/node" "/Users/alfonsosn2/.nvm/versions/node/v0.12.5/bin/npm" "install"
223 error node v0.12.5
224 error npm  v2.11.2
225 error code ELIFECYCLE
226 error FullstackGeneratedApp@1.0.0 postinstall: `gulp build`
226 error Exit status 1
227 error Failed at the FullstackGeneratedApp@1.0.0 postinstall script 'gulp build'.
227 error This is most likely a problem with the FullstackGeneratedApp package,
227 error not with npm itself.
227 error Tell the author that this fails on your system:
227 error     gulp build
227 error You can get their info via:
227 error     npm owner ls FullstackGeneratedApp
227 error There is likely additional logging output above.
228 verbose exit [ 1, true ]
